--- ROLES ---
Player1: Role.FASCIST
Player2: Role.HITLER
Player3: Role.LIBERAL
Player4: Role.LIBERAL
Player5: Role.FASCIST
Player6: Role.LIBERAL
Player7: Role.LIBERAL
Round 1 - Roles assigned.
Round 2 - Roles assigned.
Round 3 - Roles assigned.
Round 4 - Roles assigned.
Round 5 - Roles assigned.
Round 6 - Roles assigned.
Round 7 - Roles assigned.
Round 8 - Player1: Player1 says: I nominate Player2 for Chancellor. I believe Player2 will make a fair and balanced Chancellor.
Round 9 - Player1: Player1 says: I support Player2 for Chancellor. Player2's track record in the game so far shows their commitment to fairness and balance.
Round 10 - Player2: Player2 remains silent.
Round 11 - Player3: Player3 remains silent.
Round 12 - Player4: Player4 says: Player1, can you please explain your reasons for nominating Player2?
Round 13 - Player5: Player5 remains silent.
Round 14 - Player6: Player6 says: Player1, thanks for the nomination. Player2, how do you feel about being nominated by Player1? What kind of policies would you prioritize if you were Chancellor?
Round 15 - Player7: Player7 says: Player2, what kind of policies would you prioritize if you were Chancellor?
Round 16 - Player1: Player1 says: I support Player2 for Chancellor. Player2's track record in the game so far shows their commitment to fairness and balance.
Round 17 - Player2: Player2 remains silent.
Round 18 - Player3: Player3 says: I need more time to consider this nomination.  Player1, can you elaborate on what specific qualities make you think Player2 would be a fair and balanced Chancellor?
Round 19 - Player4: Player4 remains silent.
Round 20 - Player5: Player5 remains silent.
Round 21 - Player6: Player6 says: I'm still unsure about this nomination. I'll vote no for now.
Round 22 - Player7: Player7 says: Player2, what kind of policies would you prioritize if you were Chancellor?
Round 23 - Player1 voted YES. Player2 voted PASS. Player3 voted PASS. Player4 voted NO. Player5 voted YES. Player6 voted NO. Player7 voted NO.
Round 24 - Player1 nominated Player2 as Chancellor. Vote Results: Yes=2, No=5. Election outcome: Government failed.
Round 25 - Government failed. Election tracker: 1.
Round 26 - Player2: Player2 remains silent.
Round 27 - Chaos policy enacted!
Round 28 - Policy enacted: Fascist. Liberal policies enacted: 0, Fascist policies enacted: 1
Round 29 - Chaos policy was Fascist.
Round 30 - Government failed. Election tracker: 1.
Round 31 - Player3: Player3 says: I nominate Player4 for Chancellor.  I believe a fresh perspective might be beneficial at this stage.
Round 32 - Player1: Player1 says: I support Player2 for Chancellor. Player2's track record in the game so far shows their commitment to fairness and balance.
